
up to date, audited 970 packages in 5s

126 packages are looking for funding
  run `npm fund` for details

found 0 vulnerabilities

> form-hero-widget@0.0.0 build
> ng build

- Generating browser application bundles (phase: setup)...
✔ Browser application bundle generation complete.
✔ Browser application bundle generation complete.
- Copying assets...
✔ Copying assets complete.
- Generating index html...
✔ Index html generation complete.

Initial chunk files           | Names         |  Raw size | Estimated transfer size
main.ea15800468786b5e.js      | main          | 208.92 kB |                57.32 kB
polyfills.ed6e349c9265d649.js | polyfills     |  33.38 kB |                10.74 kB
styles.89436fc52f018427.css   | styles        |  21.59 kB |                 3.82 kB
runtime.fc0fe6e3eb3308d4.js   | runtime       | 910 bytes |               506 bytes

                              | Initial total | 264.79 kB |                72.37 kB

Build at: 2024-03-21T14:50:04.512Z - Hash: 7966f8678bb5068d - Time: 4358ms

Warning: /Users/ryanjpburgos/repository/ent-training-2024/entando-training-2024/microfrontends/form-hero-widget/src/styles.css exceeded maximum budget. Budget 6.00 kB was not met by 15.59 kB with a total of 21.59 kB.


