[INFO] Scanning for projects...
[INFO] 
[INFO] ---------------------< com.entando.heroms:heroms >----------------------
[INFO] Building heroms 0.0.1-SNAPSHOT
[INFO] --------------------------------[ jar ]---------------------------------
[INFO] 
[INFO] --- maven-clean-plugin:3.3.2:clean (default-clean) @ heroms ---
[INFO] Deleting /Users/ryanjpburgos/repository/ent-training-2024/entando-training-2024/microservices/heroms/target
[INFO] 
[INFO] --- maven-resources-plugin:3.3.1:resources (default-resources) @ heroms ---
[INFO] Copying 1 resource from src/main/resources to target/classes
[INFO] Copying 0 resource from src/main/resources to target/classes
[INFO] 
[INFO] --- maven-compiler-plugin:3.11.0:compile (default-compile) @ heroms ---
[INFO] Changes detected - recompiling the module! :source
[INFO] Compiling 7 source files with javac [debug release 17] to target/classes
[INFO] 
[INFO] --- maven-resources-plugin:3.3.1:testResources (default-testResources) @ heroms ---
[INFO] skip non existing resourceDirectory /Users/ryanjpburgos/repository/ent-training-2024/entando-training-2024/microservices/heroms/src/test/resources
[INFO] 
[INFO] --- maven-compiler-plugin:3.11.0:testCompile (default-testCompile) @ heroms ---
[INFO] Changes detected - recompiling the module! :dependency
[INFO] Compiling 1 source file with javac [debug release 17] to target/test-classes
[INFO] 
[INFO] --- maven-surefire-plugin:3.1.2:test (default-test) @ heroms ---
[INFO] Tests are skipped.
[INFO] 
[INFO] --- maven-jar-plugin:3.3.0:jar (default-jar) @ heroms ---
[INFO] Building jar: /Users/ryanjpburgos/repository/ent-training-2024/entando-training-2024/microservices/heroms/target/heroes-ms.jar
[INFO] 
[INFO] --- spring-boot-maven-plugin:3.2.3:repackage (repackage) @ heroms ---
[INFO] Replacing main artifact /Users/ryanjpburgos/repository/ent-training-2024/entando-training-2024/microservices/heroms/target/heroes-ms.jar with repackaged archive, adding nested dependencies in BOOT-INF/.
[INFO] The original artifact has been renamed to /Users/ryanjpburgos/repository/ent-training-2024/entando-training-2024/microservices/heroms/target/heroes-ms.jar.original
[INFO] ------------------------------------------------------------------------
[INFO] BUILD SUCCESS
[INFO] ------------------------------------------------------------------------
[INFO] Total time:  12.291 s
[INFO] Finished at: 2024-03-21T15:49:59+01:00
[INFO] ------------------------------------------------------------------------
#0 building with "desktop-linux" instance using docker driver

#1 [internal] load .dockerignore
#1 transferring context: 2B 0.0s done
#1 DONE 0.0s

#2 [internal] load build definition from Dockerfile
#2 transferring dockerfile: 164B 0.0s done
#2 DONE 0.0s

#3 [internal] load metadata for docker.io/library/openjdk:17
#3 DONE 0.9s

#4 [1/3] FROM docker.io/library/openjdk:17@sha256:528707081fdb9562eb819128a9f85ae7fe000e2fbaeaf9f87662e7b3f38cb7d8
#4 DONE 0.0s

#5 [internal] load build context
#5 transferring context: 48.15MB 0.9s done
#5 DONE 0.9s

#6 [2/3] WORKDIR /app
#6 CACHED

#7 [3/3] COPY target/heroes-ms.jar /app/heroes-ms.jar
#7 DONE 0.2s

#8 exporting to image
#8 exporting layers
#8 exporting layers 0.3s done
#8 writing image sha256:c4f57a80df3b0efb3940a68251795188a9b5c6ea13b2996192c1919f7cd7b872 done
#8 naming to docker.io/ryanjpburgos/heroms:0.0.1-SNAPSHOT done
#8 DONE 0.3s

What's Next?
  View summary of image vulnerabilities and recommendations → docker scout quickview
