[INFO] Scanning for projects...
[INFO] 
[INFO] -----------------------< com.entando:heroes-ms >------------------------
[INFO] Building heroes-ms 0.0.1-SNAPSHOT
[INFO] --------------------------------[ jar ]---------------------------------
[INFO] 
[INFO] --- maven-clean-plugin:3.3.2:clean (default-clean) @ heroes-ms ---
[INFO] Deleting /Users/ryanjpburgos/repository/entando-training-2024/microservices/heroes-ms/target
[INFO] 
[INFO] --- maven-resources-plugin:3.3.1:resources (default-resources) @ heroes-ms ---
[INFO] Copying 1 resource from src/main/resources to target/classes
[INFO] Copying 0 resource from src/main/resources to target/classes
[INFO] 
[INFO] --- maven-compiler-plugin:3.11.0:compile (default-compile) @ heroes-ms ---
[INFO] Changes detected - recompiling the module! :source
[INFO] Compiling 11 source files with javac [debug release 17] to target/classes
[INFO] /Users/ryanjpburgos/repository/entando-training-2024/microservices/heroes-ms/src/main/java/com/entando/heroesms/config/jwt/JwtAuthConverter.java: /Users/ryanjpburgos/repository/entando-training-2024/microservices/heroes-ms/src/main/java/com/entando/heroesms/config/jwt/JwtAuthConverter.java uses unchecked or unsafe operations.
[INFO] /Users/ryanjpburgos/repository/entando-training-2024/microservices/heroes-ms/src/main/java/com/entando/heroesms/config/jwt/JwtAuthConverter.java: Recompile with -Xlint:unchecked for details.
[INFO] 
[INFO] --- maven-resources-plugin:3.3.1:testResources (default-testResources) @ heroes-ms ---
[INFO] skip non existing resourceDirectory /Users/ryanjpburgos/repository/entando-training-2024/microservices/heroes-ms/src/test/resources
[INFO] 
[INFO] --- maven-compiler-plugin:3.11.0:testCompile (default-testCompile) @ heroes-ms ---
[INFO] Changes detected - recompiling the module! :dependency
[INFO] Compiling 1 source file with javac [debug release 17] to target/test-classes
[INFO] 
[INFO] --- maven-surefire-plugin:3.1.2:test (default-test) @ heroes-ms ---
[INFO] Tests are skipped.
[INFO] 
[INFO] --- maven-jar-plugin:3.3.0:jar (default-jar) @ heroes-ms ---
[INFO] Building jar: /Users/ryanjpburgos/repository/entando-training-2024/microservices/heroes-ms/target/heroes-ms.jar
[INFO] 
[INFO] --- spring-boot-maven-plugin:3.2.2:repackage (repackage) @ heroes-ms ---
[INFO] Replacing main artifact /Users/ryanjpburgos/repository/entando-training-2024/microservices/heroes-ms/target/heroes-ms.jar with repackaged archive, adding nested dependencies in BOOT-INF/.
[INFO] The original artifact has been renamed to /Users/ryanjpburgos/repository/entando-training-2024/microservices/heroes-ms/target/heroes-ms.jar.original
[INFO] ------------------------------------------------------------------------
[INFO] BUILD SUCCESS
[INFO] ------------------------------------------------------------------------
[INFO] Total time:  14.080 s
[INFO] Finished at: 2024-02-21T17:12:31+01:00
[INFO] ------------------------------------------------------------------------
#0 building with "desktop-linux" instance using docker driver

#1 [internal] load .dockerignore
#1 transferring context: 2B 0.0s done
#1 DONE 0.0s

#2 [internal] load build definition from Dockerfile
#2 transferring dockerfile: 167B 0.0s done
#2 DONE 0.0s

#3 [internal] load metadata for docker.io/library/openjdk:17
#3 ...

#4 [auth] library/openjdk:pull token for registry-1.docker.io
#4 DONE 0.0s

#3 [internal] load metadata for docker.io/library/openjdk:17
#3 DONE 1.5s

#5 [1/3] FROM docker.io/library/openjdk:17@sha256:528707081fdb9562eb819128a9f85ae7fe000e2fbaeaf9f87662e7b3f38cb7d8
#5 DONE 0.0s

#6 [internal] load build context
#6 transferring context: 53.50MB 1.1s done
#6 DONE 1.1s

#7 [2/3] WORKDIR /app
#7 CACHED

#8 [3/3] COPY target/heroes-ms.jar /app/heroes-ms.jar
#8 DONE 0.2s

#9 exporting to image
#9 exporting layers
#9 exporting layers 0.3s done
#9 writing image sha256:9d49b1ca8c17e6aebde97327fd25a88be50346fff66a36f6d9caee8c35052dd5 done
#9 naming to docker.io/ryanjpburgos/heroes-ms:0.0.1-SNAPSHOT done
#9 DONE 0.3s

What's Next?
  View summary of image vulnerabilities and recommendations → docker scout quickview
