[INFO] Scanning for projects...
[INFO] 
[INFO] -------------------------< com.entando:heroms >-------------------------
[INFO] Building heroms 0.0.1-SNAPSHOT
[INFO] --------------------------------[ jar ]---------------------------------
[INFO] 
[INFO] --- maven-clean-plugin:3.3.2:clean (default-clean) @ heroms ---
[INFO] Deleting /Users/ryanjpburgos/repository/ent-training-2024/entando-training-2024/microservices/hero-ms/target
[INFO] 
[INFO] --- maven-resources-plugin:3.3.1:resources (default-resources) @ heroms ---
[INFO] Copying 3 resources from src/main/resources to target/classes
[INFO] Copying 0 resource from src/main/resources to target/classes
[INFO] 
[INFO] --- maven-compiler-plugin:3.11.0:compile (default-compile) @ heroms ---
[INFO] Changes detected - recompiling the module! :source
[INFO] Compiling 11 source files with javac [debug release 17] to target/classes
[INFO] /Users/ryanjpburgos/repository/ent-training-2024/entando-training-2024/microservices/hero-ms/src/main/java/com/entando/heroms/config/jwt/JwtAuthConverter.java: /Users/ryanjpburgos/repository/ent-training-2024/entando-training-2024/microservices/hero-ms/src/main/java/com/entando/heroms/config/jwt/JwtAuthConverter.java uses unchecked or unsafe operations.
[INFO] /Users/ryanjpburgos/repository/ent-training-2024/entando-training-2024/microservices/hero-ms/src/main/java/com/entando/heroms/config/jwt/JwtAuthConverter.java: Recompile with -Xlint:unchecked for details.
[INFO] 
[INFO] --- maven-resources-plugin:3.3.1:testResources (default-testResources) @ heroms ---
[INFO] skip non existing resourceDirectory /Users/ryanjpburgos/repository/ent-training-2024/entando-training-2024/microservices/hero-ms/src/test/resources
[INFO] 
[INFO] --- maven-compiler-plugin:3.11.0:testCompile (default-testCompile) @ heroms ---
[INFO] No sources to compile
[INFO] 
[INFO] --- maven-surefire-plugin:3.1.2:test (default-test) @ heroms ---
[INFO] Tests are skipped.
[INFO] 
[INFO] --- maven-jar-plugin:3.3.0:jar (default-jar) @ heroms ---
[INFO] Building jar: /Users/ryanjpburgos/repository/ent-training-2024/entando-training-2024/microservices/hero-ms/target/heroms.jar.jar
[INFO] 
[INFO] --- spring-boot-maven-plugin:3.2.3:repackage (repackage) @ heroms ---
[INFO] Replacing main artifact /Users/ryanjpburgos/repository/ent-training-2024/entando-training-2024/microservices/hero-ms/target/heroms.jar.jar with repackaged archive, adding nested dependencies in BOOT-INF/.
[INFO] The original artifact has been renamed to /Users/ryanjpburgos/repository/ent-training-2024/entando-training-2024/microservices/hero-ms/target/heroms.jar.jar.original
[INFO] ------------------------------------------------------------------------
[INFO] BUILD SUCCESS
[INFO] ------------------------------------------------------------------------
[INFO] Total time:  15.536 s
[INFO] Finished at: 2024-03-18T10:53:08+01:00
[INFO] ------------------------------------------------------------------------
#0 building with "desktop-linux" instance using docker driver

#1 [internal] load .dockerignore
#1 transferring context: 2B done
#1 DONE 0.0s

#2 [internal] load build definition from Dockerfile
#2 transferring dockerfile: 141B 0.0s done
#2 DONE 0.0s

#3 [internal] load metadata for docker.io/library/openjdk:17
#3 ...

#4 [auth] library/openjdk:pull token for registry-1.docker.io
#4 DONE 0.0s

#3 [internal] load metadata for docker.io/library/openjdk:17
#3 DONE 2.1s

#5 [1/3] FROM docker.io/library/openjdk:17@sha256:528707081fdb9562eb819128a9f85ae7fe000e2fbaeaf9f87662e7b3f38cb7d8
#5 DONE 0.0s

#6 [internal] load build context
#6 transferring context: 56.88MB 1.7s done
#6 DONE 1.7s

#7 [2/3] WORKDIR /app
#7 CACHED

#8 [3/3] COPY target/*.jar /app/app.jar
#8 DONE 0.7s

#9 exporting to image
#9 exporting layers
#9 exporting layers 0.4s done
#9 writing image sha256:925404bfc51d658d13cc642b851ceb8ee3ef040127b551a9f49b5767147b272b done
#9 naming to docker.io/ryanjpburgos/hero-ms:0.0.1-SNAPSHOT done
#9 DONE 0.4s

What's Next?
  View summary of image vulnerabilities and recommendations → docker scout quickview
