
up to date, audited 979 packages in 4s

126 packages are looking for funding
  run `npm fund` for details

3 high severity vulnerabilities

To address all issues (including breaking changes), run:
  npm audit fix --force

Run `npm audit` for details.

> table-hero-widget@0.0.0 build
> ng build

- Generating browser application bundles (phase: setup)...
✔ Browser application bundle generation complete.
✔ Browser application bundle generation complete.
- Copying assets...
✔ Copying assets complete.
- Generating index html...
✔ Index html generation complete.

Initial chunk files           | Names         |  Raw size | Estimated transfer size
main.cfdac274ff6c1a3a.js      | main          | 173.36 kB |                50.26 kB
polyfills.5d580af60a69b2eb.js | polyfills     |  33.39 kB |                10.74 kB
styles.3d5a79724976bbe4.css   | styles        |  11.12 kB |                 2.46 kB
runtime.4786bc096faf8f81.js   | runtime       | 912 bytes |               511 bytes

                              | Initial total | 218.76 kB |                63.96 kB

Build at: 2024-03-22T10:52:19.611Z - Hash: d670e63c7120d999 - Time: 7307ms

Warning: /Users/ryanjpburgos/repository/ent-training-2024/entando-training-2024/microfrontends/table-hero-widget/src/styles.css exceeded maximum budget. Budget 6.00 kB was not met by 5.12 kB with a total of 11.12 kB.


